<?xml version="1.0" encoding="UTF-8"?>
<!-- Generated by org.testng.reporters.JUnitXMLReporter -->
<testsuite hostname="DESKTOP-J20FBOJ" ignored="3" name="Default test" tests="1" failures="0" timestamp="24 Jan 2021 00:14:04 GMT" time="12.012" errors="0">
  <testcase name="signUpLinkTest" time="1.665" classname="com.crm.qa.testcases.LoginPageTest"/>
  <testcase name="loginPageTitleTest" time="0.0" classname="com.crm.qa.testcases.LoginPageTest">
    <ignored/>
  </testcase> <!-- loginPageTitleTest -->
  <testcase name="loginTest" time="0.0" classname="com.crm.qa.testcases.LoginPageTest">
    <ignored/>
  </testcase> <!-- loginTest -->
  <testcase name="classicCRMLinkTest" time="0.0" classname="com.crm.qa.testcases.LoginPageTest">
    <ignored/>
  </testcase> <!-- classicCRMLinkTest -->
</testsuite> <!-- Default test -->
