<?xml version="1.0" encoding="UTF-8"?>
<!-- Generated by org.testng.reporters.JUnitXMLReporter -->
<testsuite hostname="DESKTOP-J20FBOJ" ignored="0" name="Free CRM Apps Test Cases" tests="3" failures="0" timestamp="04 Jan 2021 05:06:37 GMT" time="35.081" errors="0">
  <testcase name="invoicesPageTitelTest" time="0.013" classname="com.crm.qa.testcases.InvoicesPageTest"/>
  <testcase name="verifyDisplayDateTest" time="0.072" classname="com.crm.qa.testcases.InvoicesPageTest"/>
  <testcase name="homePageTitleTest" time="0.008" classname="com.crm.qa.testcases.HomePageTest"/>
</testsuite> <!-- Free CRM Apps Test Cases -->
