<?xml version="1.0" encoding="UTF-8"?>
<!-- Generated by org.testng.reporters.JUnitXMLReporter -->
<testsuite hostname="DESKTOP-J20FBOJ" ignored="0" name="Test" tests="18" failures="0" timestamp="27 May 2021 14:44:37 GMT" time="126.646" errors="0">
  <testcase name="displayRegisterTest" time="0.079" classname="com.crm.qa.testcases.SignUpPageTest"/>
  <testcase name="verifyTitleTest" time="0.006" classname="com.crm.qa.testcases.SignUpPageTest"/>
  <testcase name="InvoicesLinkTest" time="0.132" classname="com.crm.qa.testcases.FreeAccountPageTest"/>
  <testcase name="freeAccountPageTitleTest" time="0.006" classname="com.crm.qa.testcases.FreeAccountPageTest"/>
  <testcase name="upgradeToProTest" time="0.057" classname="com.crm.qa.testcases.FreeAccountPageTest"/>
  <testcase name="classicCRMLinkTest" time="5.112" classname="com.crm.qa.testcases.LoginPageTest"/>
  <testcase name="loginPageTitleTest" time="0.092" classname="com.crm.qa.testcases.LoginPageTest"/>
  <testcase name="loginTest" time="2.206" classname="com.crm.qa.testcases.LoginPageTest"/>
  <testcase name="signUpLinkTest" time="2.602" classname="com.crm.qa.testcases.LoginPageTest"/>
  <testcase name="invoicesPageTitelTest" time="0.006" classname="com.crm.qa.testcases.InvoicesPageTest"/>
  <testcase name="verifyDisplayDateTest" time="0.14" classname="com.crm.qa.testcases.InvoicesPageTest"/>
  <testcase name="displayCRMPROLogoTest" time="0.051" classname="com.crm.qa.testcases.ClassicCRMTest"/>
  <testcase name="verifyClassicCRMTitleTest" time="0.006" classname="com.crm.qa.testcases.ClassicCRMTest"/>
  <testcase name="ContactsActivityStreamLinkTest" time="0.599" classname="com.crm.qa.testcases.HomePageTest"/>
  <testcase name="dealsLinkTest" time="0.676" classname="com.crm.qa.testcases.HomePageTest"/>
  <testcase name="freeAccountLinkTest" time="0.647" classname="com.crm.qa.testcases.HomePageTest"/>
  <testcase name="homePageTitleTest" time="0.004" classname="com.crm.qa.testcases.HomePageTest"/>
  <testcase name="verifyUsernameTest" time="0.943" classname="com.crm.qa.testcases.HomePageTest"/>
</testsuite> <!-- Test -->
