<?xml version="1.0" encoding="UTF-8"?>
<!-- Generated by org.testng.reporters.JUnitXMLReporter -->
<testsuite hostname="DESKTOP-J20FBOJ" ignored="0" name="Test" tests="18" failures="0" timestamp="09 Mar 2021 00:15:05 GMT" time="154.493" errors="0">
  <testcase name="displayRegisterTest" time="0.08" classname="com.crm.qa.testcases.SignUpPageTest"/>
  <testcase name="verifyTitleTest" time="0.007" classname="com.crm.qa.testcases.SignUpPageTest"/>
  <testcase name="InvoicesLinkTest" time="0.095" classname="com.crm.qa.testcases.FreeAccountPageTest"/>
  <testcase name="freeAccountPageTitleTest" time="0.017" classname="com.crm.qa.testcases.FreeAccountPageTest"/>
  <testcase name="upgradeToProTest" time="0.067" classname="com.crm.qa.testcases.FreeAccountPageTest"/>
  <testcase name="classicCRMLinkTest" time="2.445" classname="com.crm.qa.testcases.LoginPageTest"/>
  <testcase name="loginPageTitleTest" time="0.011" classname="com.crm.qa.testcases.LoginPageTest"/>
  <testcase name="loginTest" time="0.255" classname="com.crm.qa.testcases.LoginPageTest"/>
  <testcase name="signUpLinkTest" time="2.703" classname="com.crm.qa.testcases.LoginPageTest"/>
  <testcase name="invoicesPageTitelTest" time="0.005" classname="com.crm.qa.testcases.InvoicesPageTest"/>
  <testcase name="verifyDisplayDateTest" time="0.079" classname="com.crm.qa.testcases.InvoicesPageTest"/>
  <testcase name="displayCRMPROLogoTest" time="0.043" classname="com.crm.qa.testcases.ClassicCRMTest"/>
  <testcase name="verifyClassicCRMTitleTest" time="0.006" classname="com.crm.qa.testcases.ClassicCRMTest"/>
  <testcase name="ContactsActivityStreamLinkTest" time="0.74" classname="com.crm.qa.testcases.HomePageTest"/>
  <testcase name="dealsLinkTest" time="0.734" classname="com.crm.qa.testcases.HomePageTest"/>
  <testcase name="freeAccountLinkTest" time="1.093" classname="com.crm.qa.testcases.HomePageTest"/>
  <testcase name="homePageTitleTest" time="0.006" classname="com.crm.qa.testcases.HomePageTest"/>
  <testcase name="verifyUsernameTest" time="0.672" classname="com.crm.qa.testcases.HomePageTest"/>
</testsuite> <!-- Test -->
