<?xml version="1.0" encoding="UTF-8"?>
<testng-results skipped="0" failed="0" ignored="0" total="18" passed="18">
  <reporter-output>
  </reporter-output>
  <suite name="Suite" duration-ms="126646" started-at="2021-05-27T14:42:30Z" finished-at="2021-05-27T14:44:37Z">
    <groups>
    </groups>
    <test name="Test" duration-ms="126646" started-at="2021-05-27T14:42:30Z" finished-at="2021-05-27T14:44:37Z">
      <class name="com.crm.qa.testcases.InvoicesPageTest">
        <test-method status="PASS" signature="InvoicesPagesetUp()[pri:0, instance:com.crm.qa.testcases.InvoicesPageTest@6500df86]" name="InvoicesPagesetUp" is-config="true" duration-ms="5568" started-at="2021-05-27T14:43:34Z" finished-at="2021-05-27T14:43:40Z">
          <reporter-output>
          </reporter-output>
        </test-method> <!-- InvoicesPagesetUp -->
        <test-method status="PASS" signature="invoicesPageTitelTest()[pri:0, instance:com.crm.qa.testcases.InvoicesPageTest@6500df86]" name="invoicesPageTitelTest" duration-ms="6" started-at="2021-05-27T14:43:40Z" finished-at="2021-05-27T14:43:40Z">
          <reporter-output>
          </reporter-output>
        </test-method> <!-- invoicesPageTitelTest -->
        <test-method status="PASS" signature="tearDown()[pri:0, instance:com.crm.qa.testcases.InvoicesPageTest@6500df86]" name="tearDown" is-config="true" duration-ms="763" started-at="2021-05-27T14:43:40Z" finished-at="2021-05-27T14:43:41Z">
          <reporter-output>
          </reporter-output>
        </test-method> <!-- tearDown -->
        <test-method status="PASS" signature="InvoicesPagesetUp()[pri:0, instance:com.crm.qa.testcases.InvoicesPageTest@6500df86]" name="InvoicesPagesetUp" is-config="true" duration-ms="5818" started-at="2021-05-27T14:43:41Z" finished-at="2021-05-27T14:43:46Z">
          <reporter-output>
          </reporter-output>
        </test-method> <!-- InvoicesPagesetUp -->
        <test-method status="PASS" signature="verifyDisplayDateTest()[pri:0, instance:com.crm.qa.testcases.InvoicesPageTest@6500df86]" name="verifyDisplayDateTest" duration-ms="140" started-at="2021-05-27T14:43:46Z" finished-at="2021-05-27T14:43:47Z">
          <reporter-output>
          </reporter-output>
        </test-method> <!-- verifyDisplayDateTest -->
        <test-method status="PASS" signature="tearDown()[pri:0, instance:com.crm.qa.testcases.InvoicesPageTest@6500df86]" name="tearDown" is-config="true" duration-ms="1110" started-at="2021-05-27T14:43:47Z" finished-at="2021-05-27T14:43:48Z">
          <reporter-output>
          </reporter-output>
        </test-method> <!-- tearDown -->
      </class> <!-- com.crm.qa.testcases.InvoicesPageTest -->
      <class name="com.crm.qa.testcases.SignUpPageTest">
        <test-method status="PASS" signature="setUp()[pri:0, instance:com.crm.qa.testcases.SignUpPageTest@271053e1]" name="setUp" is-config="true" duration-ms="7665" started-at="2021-05-27T14:42:30Z" finished-at="2021-05-27T14:42:38Z">
          <reporter-output>
          </reporter-output>
        </test-method> <!-- setUp -->
        <test-method status="PASS" signature="displayRegisterTest()[pri:0, instance:com.crm.qa.testcases.SignUpPageTest@271053e1]" name="displayRegisterTest" duration-ms="79" started-at="2021-05-27T14:42:38Z" finished-at="2021-05-27T14:42:38Z">
          <reporter-output>
          </reporter-output>
        </test-method> <!-- displayRegisterTest -->
        <test-method status="PASS" signature="tearDown()[pri:0, instance:com.crm.qa.testcases.SignUpPageTest@271053e1]" name="tearDown" is-config="true" duration-ms="667" started-at="2021-05-27T14:42:38Z" finished-at="2021-05-27T14:42:39Z">
          <reporter-output>
          </reporter-output>
        </test-method> <!-- tearDown -->
        <test-method status="PASS" signature="setUp()[pri:0, instance:com.crm.qa.testcases.SignUpPageTest@271053e1]" name="setUp" is-config="true" duration-ms="7434" started-at="2021-05-27T14:42:39Z" finished-at="2021-05-27T14:42:46Z">
          <reporter-output>
          </reporter-output>
        </test-method> <!-- setUp -->
        <test-method status="PASS" signature="verifyTitleTest()[pri:0, instance:com.crm.qa.testcases.SignUpPageTest@271053e1]" name="verifyTitleTest" duration-ms="6" started-at="2021-05-27T14:42:46Z" finished-at="2021-05-27T14:42:46Z">
          <reporter-output>
          </reporter-output>
        </test-method> <!-- verifyTitleTest -->
        <test-method status="PASS" signature="tearDown()[pri:0, instance:com.crm.qa.testcases.SignUpPageTest@271053e1]" name="tearDown" is-config="true" duration-ms="745" started-at="2021-05-27T14:42:46Z" finished-at="2021-05-27T14:42:47Z">
          <reporter-output>
          </reporter-output>
        </test-method> <!-- tearDown -->
      </class> <!-- com.crm.qa.testcases.SignUpPageTest -->
      <class name="com.crm.qa.testcases.ClassicCRMTest">
        <test-method status="PASS" signature="setUp()[pri:0, instance:com.crm.qa.testcases.ClassicCRMTest@402a079c]" name="setUp" is-config="true" duration-ms="7723" started-at="2021-05-27T14:43:48Z" finished-at="2021-05-27T14:43:55Z">
          <reporter-output>
          </reporter-output>
        </test-method> <!-- setUp -->
        <test-method status="PASS" signature="displayCRMPROLogoTest()[pri:0, instance:com.crm.qa.testcases.ClassicCRMTest@402a079c]" name="displayCRMPROLogoTest" duration-ms="51" started-at="2021-05-27T14:43:55Z" finished-at="2021-05-27T14:43:56Z">
          <reporter-output>
          </reporter-output>
        </test-method> <!-- displayCRMPROLogoTest -->
        <test-method status="PASS" signature="tearDown()[pri:0, instance:com.crm.qa.testcases.ClassicCRMTest@402a079c]" name="tearDown" is-config="true" duration-ms="652" started-at="2021-05-27T14:43:56Z" finished-at="2021-05-27T14:43:56Z">
          <reporter-output>
          </reporter-output>
        </test-method> <!-- tearDown -->
        <test-method status="PASS" signature="setUp()[pri:0, instance:com.crm.qa.testcases.ClassicCRMTest@402a079c]" name="setUp" is-config="true" duration-ms="8971" started-at="2021-05-27T14:43:56Z" finished-at="2021-05-27T14:44:05Z">
          <reporter-output>
          </reporter-output>
        </test-method> <!-- setUp -->
        <test-method status="PASS" signature="verifyClassicCRMTitleTest()[pri:0, instance:com.crm.qa.testcases.ClassicCRMTest@402a079c]" name="verifyClassicCRMTitleTest" duration-ms="6" started-at="2021-05-27T14:44:05Z" finished-at="2021-05-27T14:44:05Z">
          <reporter-output>
          </reporter-output>
        </test-method> <!-- verifyClassicCRMTitleTest -->
        <test-method status="PASS" signature="tearDown()[pri:0, instance:com.crm.qa.testcases.ClassicCRMTest@402a079c]" name="tearDown" is-config="true" duration-ms="751" started-at="2021-05-27T14:44:05Z" finished-at="2021-05-27T14:44:06Z">
          <reporter-output>
          </reporter-output>
        </test-method> <!-- tearDown -->
      </class> <!-- com.crm.qa.testcases.ClassicCRMTest -->
      <class name="com.crm.qa.testcases.HomePageTest">
        <test-method status="PASS" signature="setUp()[pri:0, instance:com.crm.qa.testcases.HomePageTest@59ec2012]" name="setUp" is-config="true" duration-ms="4939" started-at="2021-05-27T14:44:06Z" finished-at="2021-05-27T14:44:11Z">
          <reporter-output>
          </reporter-output>
        </test-method> <!-- setUp -->
        <test-method status="PASS" signature="ContactsActivityStreamLinkTest()[pri:0, instance:com.crm.qa.testcases.HomePageTest@59ec2012]" name="ContactsActivityStreamLinkTest" duration-ms="599" started-at="2021-05-27T14:44:11Z" finished-at="2021-05-27T14:44:11Z">
          <reporter-output>
          </reporter-output>
        </test-method> <!-- ContactsActivityStreamLinkTest -->
        <test-method status="PASS" signature="tearDown()[pri:0, instance:com.crm.qa.testcases.HomePageTest@59ec2012]" name="tearDown" is-config="true" duration-ms="711" started-at="2021-05-27T14:44:11Z" finished-at="2021-05-27T14:44:12Z">
          <reporter-output>
          </reporter-output>
        </test-method> <!-- tearDown -->
        <test-method status="PASS" signature="setUp()[pri:0, instance:com.crm.qa.testcases.HomePageTest@59ec2012]" name="setUp" is-config="true" duration-ms="5077" started-at="2021-05-27T14:44:12Z" finished-at="2021-05-27T14:44:17Z">
          <reporter-output>
          </reporter-output>
        </test-method> <!-- setUp -->
        <test-method status="PASS" signature="dealsLinkTest()[pri:0, instance:com.crm.qa.testcases.HomePageTest@59ec2012]" name="dealsLinkTest" duration-ms="676" started-at="2021-05-27T14:44:17Z" finished-at="2021-05-27T14:44:18Z">
          <reporter-output>
          </reporter-output>
        </test-method> <!-- dealsLinkTest -->
        <test-method status="PASS" signature="tearDown()[pri:0, instance:com.crm.qa.testcases.HomePageTest@59ec2012]" name="tearDown" is-config="true" duration-ms="694" started-at="2021-05-27T14:44:18Z" finished-at="2021-05-27T14:44:19Z">
          <reporter-output>
          </reporter-output>
        </test-method> <!-- tearDown -->
        <test-method status="PASS" signature="setUp()[pri:0, instance:com.crm.qa.testcases.HomePageTest@59ec2012]" name="setUp" is-config="true" duration-ms="5199" started-at="2021-05-27T14:44:19Z" finished-at="2021-05-27T14:44:24Z">
          <reporter-output>
          </reporter-output>
        </test-method> <!-- setUp -->
        <test-method status="PASS" signature="freeAccountLinkTest()[pri:0, instance:com.crm.qa.testcases.HomePageTest@59ec2012]" name="freeAccountLinkTest" duration-ms="647" started-at="2021-05-27T14:44:24Z" finished-at="2021-05-27T14:44:24Z">
          <reporter-output>
          </reporter-output>
        </test-method> <!-- freeAccountLinkTest -->
        <test-method status="PASS" signature="tearDown()[pri:0, instance:com.crm.qa.testcases.HomePageTest@59ec2012]" name="tearDown" is-config="true" duration-ms="660" started-at="2021-05-27T14:44:24Z" finished-at="2021-05-27T14:44:25Z">
          <reporter-output>
          </reporter-output>
        </test-method> <!-- tearDown -->
        <test-method status="PASS" signature="setUp()[pri:0, instance:com.crm.qa.testcases.HomePageTest@59ec2012]" name="setUp" is-config="true" duration-ms="4399" started-at="2021-05-27T14:44:25Z" finished-at="2021-05-27T14:44:30Z">
          <reporter-output>
          </reporter-output>
        </test-method> <!-- setUp -->
        <test-method status="PASS" signature="homePageTitleTest()[pri:0, instance:com.crm.qa.testcases.HomePageTest@59ec2012]" name="homePageTitleTest" duration-ms="4" started-at="2021-05-27T14:44:30Z" finished-at="2021-05-27T14:44:30Z">
          <reporter-output>
          </reporter-output>
        </test-method> <!-- homePageTitleTest -->
        <test-method status="PASS" signature="tearDown()[pri:0, instance:com.crm.qa.testcases.HomePageTest@59ec2012]" name="tearDown" is-config="true" duration-ms="787" started-at="2021-05-27T14:44:30Z" finished-at="2021-05-27T14:44:30Z">
          <reporter-output>
          </reporter-output>
        </test-method> <!-- tearDown -->
        <test-method status="PASS" signature="setUp()[pri:0, instance:com.crm.qa.testcases.HomePageTest@59ec2012]" name="setUp" is-config="true" duration-ms="4861" started-at="2021-05-27T14:44:30Z" finished-at="2021-05-27T14:44:35Z">
          <reporter-output>
          </reporter-output>
        </test-method> <!-- setUp -->
        <test-method status="PASS" signature="verifyUsernameTest()[pri:0, instance:com.crm.qa.testcases.HomePageTest@59ec2012]" name="verifyUsernameTest" duration-ms="943" started-at="2021-05-27T14:44:35Z" finished-at="2021-05-27T14:44:36Z">
          <reporter-output>
          </reporter-output>
        </test-method> <!-- verifyUsernameTest -->
        <test-method status="PASS" signature="tearDown()[pri:0, instance:com.crm.qa.testcases.HomePageTest@59ec2012]" name="tearDown" is-config="true" duration-ms="672" started-at="2021-05-27T14:44:36Z" finished-at="2021-05-27T14:44:37Z">
          <reporter-output>
          </reporter-output>
        </test-method> <!-- tearDown -->
      </class> <!-- com.crm.qa.testcases.HomePageTest -->
      <class name="com.crm.qa.testcases.LoginPageTest">
        <test-method status="PASS" signature="setUp()[pri:0, instance:com.crm.qa.testcases.LoginPageTest@42dafa95]" name="setUp" is-config="true" duration-ms="3703" started-at="2021-05-27T14:43:08Z" finished-at="2021-05-27T14:43:12Z">
          <reporter-output>
          </reporter-output>
        </test-method> <!-- setUp -->
        <test-method status="PASS" signature="classicCRMLinkTest()[pri:0, instance:com.crm.qa.testcases.LoginPageTest@42dafa95]" name="classicCRMLinkTest" duration-ms="5112" started-at="2021-05-27T14:43:12Z" finished-at="2021-05-27T14:43:17Z">
          <reporter-output>
          </reporter-output>
        </test-method> <!-- classicCRMLinkTest -->
        <test-method status="PASS" signature="tearDown()[pri:0, instance:com.crm.qa.testcases.LoginPageTest@42dafa95]" name="tearDown" is-config="true" duration-ms="624" started-at="2021-05-27T14:43:17Z" finished-at="2021-05-27T14:43:17Z">
          <reporter-output>
          </reporter-output>
        </test-method> <!-- tearDown -->
        <test-method status="PASS" signature="setUp()[pri:0, instance:com.crm.qa.testcases.LoginPageTest@42dafa95]" name="setUp" is-config="true" duration-ms="3437" started-at="2021-05-27T14:43:17Z" finished-at="2021-05-27T14:43:21Z">
          <reporter-output>
          </reporter-output>
        </test-method> <!-- setUp -->
        <test-method status="PASS" signature="loginPageTitleTest()[pri:0, instance:com.crm.qa.testcases.LoginPageTest@42dafa95]" name="loginPageTitleTest" duration-ms="92" started-at="2021-05-27T14:43:21Z" finished-at="2021-05-27T14:43:21Z">
          <reporter-output>
          </reporter-output>
        </test-method> <!-- loginPageTitleTest -->
        <test-method status="PASS" signature="tearDown()[pri:0, instance:com.crm.qa.testcases.LoginPageTest@42dafa95]" name="tearDown" is-config="true" duration-ms="673" started-at="2021-05-27T14:43:21Z" finished-at="2021-05-27T14:43:21Z">
          <reporter-output>
          </reporter-output>
        </test-method> <!-- tearDown -->
        <test-method status="PASS" signature="setUp()[pri:0, instance:com.crm.qa.testcases.LoginPageTest@42dafa95]" name="setUp" is-config="true" duration-ms="3335" started-at="2021-05-27T14:43:21Z" finished-at="2021-05-27T14:43:25Z">
          <reporter-output>
          </reporter-output>
        </test-method> <!-- setUp -->
        <test-method status="PASS" signature="loginTest()[pri:0, instance:com.crm.qa.testcases.LoginPageTest@42dafa95]" name="loginTest" duration-ms="2206" started-at="2021-05-27T14:43:25Z" finished-at="2021-05-27T14:43:27Z">
          <reporter-output>
          </reporter-output>
        </test-method> <!-- loginTest -->
        <test-method status="PASS" signature="tearDown()[pri:0, instance:com.crm.qa.testcases.LoginPageTest@42dafa95]" name="tearDown" is-config="true" duration-ms="747" started-at="2021-05-27T14:43:27Z" finished-at="2021-05-27T14:43:28Z">
          <reporter-output>
          </reporter-output>
        </test-method> <!-- tearDown -->
        <test-method status="PASS" signature="setUp()[pri:0, instance:com.crm.qa.testcases.LoginPageTest@42dafa95]" name="setUp" is-config="true" duration-ms="3282" started-at="2021-05-27T14:43:28Z" finished-at="2021-05-27T14:43:31Z">
          <reporter-output>
          </reporter-output>
        </test-method> <!-- setUp -->
        <test-method status="PASS" signature="signUpLinkTest()[pri:0, instance:com.crm.qa.testcases.LoginPageTest@42dafa95]" name="signUpLinkTest" duration-ms="2602" started-at="2021-05-27T14:43:31Z" finished-at="2021-05-27T14:43:34Z">
          <reporter-output>
          </reporter-output>
        </test-method> <!-- signUpLinkTest -->
        <test-method status="PASS" signature="tearDown()[pri:0, instance:com.crm.qa.testcases.LoginPageTest@42dafa95]" name="tearDown" is-config="true" duration-ms="678" started-at="2021-05-27T14:43:34Z" finished-at="2021-05-27T14:43:34Z">
          <reporter-output>
          </reporter-output>
        </test-method> <!-- tearDown -->
      </class> <!-- com.crm.qa.testcases.LoginPageTest -->
      <class name="com.crm.qa.testcases.FreeAccountPageTest">
        <test-method status="PASS" signature="setUp()[pri:0, instance:com.crm.qa.testcases.FreeAccountPageTest@589838eb]" name="setUp" is-config="true" duration-ms="6872" started-at="2021-05-27T14:42:47Z" finished-at="2021-05-27T14:42:54Z">
          <reporter-output>
          </reporter-output>
        </test-method> <!-- setUp -->
        <test-method status="PASS" signature="InvoicesLinkTest()[pri:0, instance:com.crm.qa.testcases.FreeAccountPageTest@589838eb]" name="InvoicesLinkTest" duration-ms="132" started-at="2021-05-27T14:42:54Z" finished-at="2021-05-27T14:42:54Z">
          <reporter-output>
          </reporter-output>
        </test-method> <!-- InvoicesLinkTest -->
        <test-method status="PASS" signature="teardown()[pri:0, instance:com.crm.qa.testcases.FreeAccountPageTest@589838eb]" name="teardown" is-config="true" duration-ms="743" started-at="2021-05-27T14:42:54Z" finished-at="2021-05-27T14:42:55Z">
          <reporter-output>
          </reporter-output>
        </test-method> <!-- teardown -->
        <test-method status="PASS" signature="setUp()[pri:0, instance:com.crm.qa.testcases.FreeAccountPageTest@589838eb]" name="setUp" is-config="true" duration-ms="5937" started-at="2021-05-27T14:42:55Z" finished-at="2021-05-27T14:43:00Z">
          <reporter-output>
          </reporter-output>
        </test-method> <!-- setUp -->
        <test-method status="PASS" signature="freeAccountPageTitleTest()[pri:0, instance:com.crm.qa.testcases.FreeAccountPageTest@589838eb]" name="freeAccountPageTitleTest" duration-ms="6" started-at="2021-05-27T14:43:00Z" finished-at="2021-05-27T14:43:00Z">
          <reporter-output>
          </reporter-output>
        </test-method> <!-- freeAccountPageTitleTest -->
        <test-method status="PASS" signature="teardown()[pri:0, instance:com.crm.qa.testcases.FreeAccountPageTest@589838eb]" name="teardown" is-config="true" duration-ms="675" started-at="2021-05-27T14:43:00Z" finished-at="2021-05-27T14:43:01Z">
          <reporter-output>
          </reporter-output>
        </test-method> <!-- teardown -->
        <test-method status="PASS" signature="setUp()[pri:0, instance:com.crm.qa.testcases.FreeAccountPageTest@589838eb]" name="setUp" is-config="true" duration-ms="5985" started-at="2021-05-27T14:43:01Z" finished-at="2021-05-27T14:43:07Z">
          <reporter-output>
          </reporter-output>
        </test-method> <!-- setUp -->
        <test-method status="PASS" signature="upgradeToProTest()[pri:0, instance:com.crm.qa.testcases.FreeAccountPageTest@589838eb]" name="upgradeToProTest" duration-ms="57" started-at="2021-05-27T14:43:07Z" finished-at="2021-05-27T14:43:07Z">
          <reporter-output>
          </reporter-output>
        </test-method> <!-- upgradeToProTest -->
        <test-method status="PASS" signature="teardown()[pri:0, instance:com.crm.qa.testcases.FreeAccountPageTest@589838eb]" name="teardown" is-config="true" duration-ms="681" started-at="2021-05-27T14:43:07Z" finished-at="2021-05-27T14:43:08Z">
          <reporter-output>
          </reporter-output>
        </test-method> <!-- teardown -->
      </class> <!-- com.crm.qa.testcases.FreeAccountPageTest -->
    </test> <!-- Test -->
  </suite> <!-- Suite -->
</testng-results>
